<?xml version="1.0" encoding="UTF-8"?>
<testsuite name="org.example.PasswordValidatorTest" tests="2" skipped="0" failures="0" errors="0" timestamp="2023-01-28T12:24:41" hostname="sungdaeui-MacBookPro.local" time="0.077">
  <properties/>
  <testcase name="[1] aabbcce" classname="org.example.PasswordValidatorTest" time="0.071"/>
  <testcase name="[2] aabbccddeeffg" classname="org.example.PasswordValidatorTest" time="0.001"/>
  <system-out><![CDATA[]]></system-out>
  <system-err><![CDATA[]]></system-err>
</testsuite>
