<?xml version="1.0" encoding="UTF-8"?>
<testsuite name="org.example.CalculatorTest" tests="4" skipped="0" failures="0" errors="0" timestamp="2023-01-28T13:41:59" hostname="sungdaeui-MacBookPro.local" time="0.084">
  <properties/>
  <testcase name="[1] 1, +, 2, 3" classname="org.example.CalculatorTest" time="0.069"/>
  <testcase name="[2] 1, -, 2, -1" classname="org.example.CalculatorTest" time="0.001"/>
  <testcase name="[3] 4, *, 2, 8" classname="org.example.CalculatorTest" time="0.001"/>
  <testcase name="[4] 4, /, 2, 2" classname="org.example.CalculatorTest" time="0.001"/>
  <system-out><![CDATA[]]></system-out>
  <system-err><![CDATA[]]></system-err>
</testsuite>
