<?xml version="1.0" encoding="UTF-8"?>
<testsuite name="org.example.restaurant.CustomerTest" tests="1" skipped="0" failures="0" errors="0" timestamp="2023-01-29T15:22:46" hostname="sungdaeui-MacBookPro.local" time="0.082">
  <properties/>
  <testcase name="메뉴이름에 해당하는 요리를 주문한다." classname="org.example.restaurant.CustomerTest" time="0.082"/>
  <system-out><![CDATA[]]></system-out>
  <system-err><![CDATA[]]></system-err>
</testsuite>
