<?xml version="1.0" encoding="UTF-8"?>
<testsuite name="org.example.calculate.PositiveNumberTest" tests="2" skipped="0" failures="0" errors="0" timestamp="2023-01-28T14:07:49" hostname="sungdaeui-MacBookPro.local" time="0.081">
  <properties/>
  <testcase name="[1] 0" classname="org.example.calculate.PositiveNumberTest" time="0.075"/>
  <testcase name="[2] -1" classname="org.example.calculate.PositiveNumberTest" time="0.001"/>
  <system-out><![CDATA[]]></system-out>
  <system-err><![CDATA[]]></system-err>
</testsuite>
